5/15/2019 1:33:29 AM
 
21/05/2019 19:12:11
 
21/05/2019 19:17:51
 
21/05/2019 19:21:42
 
21/05/2019 19:23:27
 
22/05/2019 11:08:10
 
22/05/2019 11:22:48
 
22/05/2019 11:23:26
 
22/05/2019 11:24:06
 
22/05/2019 11:51:01
 
22/05/2019 11:55:38
 
Warning
BoxColliders does not support negative scale or size.
The effective box size has been forced positive and is likely to give unexpected collision geometry.
If you absolutely need to use negative scaling you can use the convex MeshCollider. Scene hierarchy path "TrainingArea/Walls/ObstacleWall/Wall5"

Warning
BoxColliders does not support negative scale or size.
The effective box size has been forced positive and is likely to give unexpected collision geometry.
If you absolutely need to use negative scaling you can use the convex MeshCollider. Scene hierarchy path "TrainingArea/Walls/ObstacleWall/Wall6"

Warning
BoxColliders does not support negative scale or size.
The effective box size has been forced positive and is likely to give unexpected collision geometry.
If you absolutely need to use negative scaling you can use the convex MeshCollider. Scene hierarchy path "TrainingArea (6)/Walls/ObstacleWall/Wall5"

Warning
BoxColliders does not support negative scale or size.
The effective box size has been forced positive and is likely to give unexpected collision geometry.
If you absolutely need to use negative scaling you can use the convex MeshCollider. Scene hierarchy path "TrainingArea (6)/Walls/ObstacleWall/Wall6"

Warning
BoxColliders does not support negative scale or size.
The effective box size has been forced positive and is likely to give unexpected collision geometry.
If you absolutely need to use negative scaling you can use the convex MeshCollider. Scene hierarchy path "TrainingArea (1)/Walls/ObstacleWall/Wall5"

Warning
BoxColliders does not support negative scale or size.
The effective box size has been forced positive and is likely to give unexpected collision geometry.
If you absolutely need to use negative scaling you can use the convex MeshCollider. Scene hierarchy path "TrainingArea (1)/Walls/ObstacleWall/Wall6"

Warning
BoxColliders does not support negative scale or size.
The effective box size has been forced positive and is likely to give unexpected collision geometry.
If you absolutely need to use negative scaling you can use the convex MeshCollider. Scene hierarchy path "TrainingArea (5)/Walls/ObstacleWall/Wall5"

Warning
BoxColliders does not support negative scale or size.
The effective box size has been forced positive and is likely to give unexpected collision geometry.
If you absolutely need to use negative scaling you can use the convex MeshCollider. Scene hierarchy path "TrainingArea (5)/Walls/ObstacleWall/Wall6"

Warning
BoxColliders does not support negative scale or size.
The effective box size has been forced positive and is likely to give unexpected collision geometry.
If you absolutely need to use negative scaling you can use the convex MeshCollider. Scene hierarchy path "TrainingArea (7)/Walls/ObstacleWall/Wall5"

Warning
BoxColliders does not support negative scale or size.
The effective box size has been forced positive and is likely to give unexpected collision geometry.
If you absolutely need to use negative scaling you can use the convex MeshCollider. Scene hierarchy path "TrainingArea (7)/Walls/ObstacleWall/Wall6"

Warning
BoxColliders does not support negative scale or size.
The effective box size has been forced positive and is likely to give unexpected collision geometry.
If you absolutely need to use negative scaling you can use the convex MeshCollider. Scene hierarchy path "TrainingArea (9)/Walls/ObstacleWall/Wall5"

Warning
BoxColliders does not support negative scale or size.
The effective box size has been forced positive and is likely to give unexpected collision geometry.
If you absolutely need to use negative scaling you can use the convex MeshCollider. Scene hierarchy path "TrainingArea (9)/Walls/ObstacleWall/Wall6"

Warning
BoxColliders does not support negative scale or size.
The effective box size has been forced positive and is likely to give unexpected collision geometry.
If you absolutely need to use negative scaling you can use the convex MeshCollider. Scene hierarchy path "TrainingArea (10)/Walls/ObstacleWall/Wall5"

Warning
BoxColliders does not support negative scale or size.
The effective box size has been forced positive and is likely to give unexpected collision geometry.
If you absolutely need to use negative scaling you can use the convex MeshCollider. Scene hierarchy path "TrainingArea (10)/Walls/ObstacleWall/Wall6"

Warning
BoxColliders does not support negative scale or size.
The effective box size has been forced positive and is likely to give unexpected collision geometry.
If you absolutely need to use negative scaling you can use the convex MeshCollider. Scene hierarchy path "TrainingArea (11)/Walls/ObstacleWall/Wall5"

Warning
BoxColliders does not support negative scale or size.
The effective box size has been forced positive and is likely to give unexpected collision geometry.
If you absolutely need to use negative scaling you can use the convex MeshCollider. Scene hierarchy path "TrainingArea (11)/Walls/ObstacleWall/Wall6"

Warning
BoxColliders does not support negative scale or size.
The effective box size has been forced positive and is likely to give unexpected collision geometry.
If you absolutely need to use negative scaling you can use the convex MeshCollider. Scene hierarchy path "TrainingArea (2)/Walls/ObstacleWall/Wall5"

Warning
BoxColliders does not support negative scale or size.
The effective box size has been forced positive and is likely to give unexpected collision geometry.
If you absolutely need to use negative scaling you can use the convex MeshCollider. Scene hierarchy path "TrainingArea (2)/Walls/ObstacleWall/Wall6"

Warning
BoxColliders does not support negative scale or size.
The effective box size has been forced positive and is likely to give unexpected collision geometry.
If you absolutely need to use negative scaling you can use the convex MeshCollider. Scene hierarchy path "TrainingArea (8)/Walls/ObstacleWall/Wall5"

Warning
BoxColliders does not support negative scale or size.
The effective box size has been forced positive and is likely to give unexpected collision geometry.
If you absolutely need to use negative scaling you can use the convex MeshCollider. Scene hierarchy path "TrainingArea (8)/Walls/ObstacleWall/Wall6"

Warning
BoxColliders does not support negative scale or size.
The effective box size has been forced positive and is likely to give unexpected collision geometry.
If you absolutely need to use negative scaling you can use the convex MeshCollider. Scene hierarchy path "TrainingArea (4)/Walls/ObstacleWall/Wall5"

Warning
BoxColliders does not support negative scale or size.
The effective box size has been forced positive and is likely to give unexpected collision geometry.
If you absolutely need to use negative scaling you can use the convex MeshCollider. Scene hierarchy path "TrainingArea (4)/Walls/ObstacleWall/Wall6"

Warning
BoxColliders does not support negative scale or size.
The effective box size has been forced positive and is likely to give unexpected collision geometry.
If you absolutely need to use negative scaling you can use the convex MeshCollider. Scene hierarchy path "TrainingArea (3)/Walls/ObstacleWall/Wall5"

Warning
BoxColliders does not support negative scale or size.
The effective box size has been forced positive and is likely to give unexpected collision geometry.
If you absolutely need to use negative scaling you can use the convex MeshCollider. Scene hierarchy path "TrainingArea (3)/Walls/ObstacleWall/Wall6"

